<?xml version="1.0" encoding="UTF-8"?>
<!-- Generated by org.testng.reporters.JUnitReportReporter -->
<testsuite skipped="0" hostname="TFITOPSDT92032" name="MFM_Lite.MFM_Lite.MFM_Lite_CC" tests="1" failures="0" timestamp="29 Nov 2017 10:20:22 GMT" time="14.042" errors="0">
  <testcase name="chkGoSmart_Pin" time="14.042" classname="MFM_Lite.MFM_Lite.MFM_Lite_CC"/>
</testsuite> <!-- MFM_Lite.MFM_Lite.MFM_Lite_CC -->
