<?xml version="1.0" encoding="UTF-8"?>
<!-- Generated by org.testng.reporters.JUnitReportReporter -->
<testsuite skipped="0" hostname="TFITOPSDT92032" name="MFM_Lite.MFM_Lite.MFM_Lite" tests="1" failures="0" timestamp="04 Dec 2017 09:20:00 GMT" time="104.939" errors="0">
  <testcase name="chkGoSmart_Pin" time="104.939" classname="MFM_Lite.MFM_Lite.MFM_Lite"/>
</testsuite> <!-- MFM_Lite.MFM_Lite.MFM_Lite -->
